<?xml version="1.0" encoding="UTF-8"?>
<!-- Generated by org.testng.reporters.JUnitReportReporter -->
<testsuite skipped="0" hostname="7F-CHENJINGJIAN" name="com.testng.CharUtilsTest" tests="24" failures="0" timestamp="02 二月 2018 03:35:34 GMT" time="0.023" errors="0">
  <testcase name="ASCIIToCharTest" time="0.006" classname="com.testng.CharUtilsTest"/>
  <testcase name="ASCIIToCharTest" time="0.001" classname="com.testng.CharUtilsTest"/>
  <testcase name="ASCIIToCharTest" time="0.001" classname="com.testng.CharUtilsTest"/>
  <testcase name="CharToASCIITest" time="0.000" classname="com.testng.CharUtilsTest"/>
  <testcase name="ASCIIToCharTest" time="0.001" classname="com.testng.CharUtilsTest"/>
  <testcase name="CharToASCIITest" time="0.000" classname="com.testng.CharUtilsTest"/>
  <testcase name="CharToASCIITest" time="0.001" classname="com.testng.CharUtilsTest"/>
  <testcase name="ASCIIToCharTest" time="0.001" classname="com.testng.CharUtilsTest"/>
  <testcase name="ASCIIToCharTest" time="0.001" classname="com.testng.CharUtilsTest"/>
  <testcase name="CharToASCIITest" time="0.000" classname="com.testng.CharUtilsTest"/>
  <testcase name="ASCIIToCharTest" time="0.001" classname="com.testng.CharUtilsTest"/>
  <testcase name="CharToASCIITest" time="0.001" classname="com.testng.CharUtilsTest"/>
  <testcase name="CharToASCIITest" time="0.003" classname="com.testng.CharUtilsTest"/>
  <testcase name="ASCIIToCharTest" time="0.001" classname="com.testng.CharUtilsTest"/>
  <testcase name="CharToASCIITest" time="0.001" classname="com.testng.CharUtilsTest"/>
  <testcase name="CharToASCIITest" time="0.001" classname="com.testng.CharUtilsTest"/>
  <testcase name="ASCIIToCharTest" time="0.000" classname="com.testng.CharUtilsTest"/>
  <testcase name="CharToASCIITest" time="0.001" classname="com.testng.CharUtilsTest"/>
  <testcase name="ASCIIToCharTest" time="0.001" classname="com.testng.CharUtilsTest"/>
  <testcase name="CharToASCIITest" time="0.000" classname="com.testng.CharUtilsTest"/>
  <testcase name="CharToASCIITest" time="0.000" classname="com.testng.CharUtilsTest"/>
  <testcase name="CharToASCIITest" time="0.000" classname="com.testng.CharUtilsTest"/>
  <testcase name="ASCIIToCharTest" time="0.000" classname="com.testng.CharUtilsTest"/>
  <testcase name="ASCIIToCharTest" time="0.001" classname="com.testng.CharUtilsTest"/>
</testsuite> <!-- com.testng.CharUtilsTest -->
