<?xml version="1.0" encoding="UTF-8"?>
<!-- Generated by org.testng.reporters.JUnitReportReporter -->
<testsuite skipped="0" hostname="7F-CHENJINGJIAN" name="com.testng.TestngExample" tests="2" failures="0" timestamp="02 二月 2018 02:11:49 GMT" time="0.002" errors="0">
  <testcase name="testExample1" time="0.001" classname="com.testng.TestngExample"/>
  <testcase name="testExample2" time="0.001" classname="com.testng.TestngExample"/>
</testsuite> <!-- com.testng.TestngExample -->
