<?xml version="1.0" encoding="UTF-8"?>
<!-- Generated by org.testng.reporters.JUnitReportReporter -->
<testsuite skipped="0" hostname="7F-CHENJINGJIAN" name="com.testng.TestOrder" tests="2" failures="0" timestamp="02 二月 2018 02:17:03 GMT" time="0.004" errors="0">
  <testcase name="testMakeOrder" time="0.003" classname="com.testng.TestOrder"/>
  <testcase name="testUpdateOrder" time="0.001" classname="com.testng.TestOrder"/>
</testsuite> <!-- com.testng.TestOrder -->
