<?xml version="1.0" encoding="UTF-8"?>
<!-- Generated by org.testng.reporters.JUnitReportReporter -->
<testsuite skipped="0" hostname="7F-CHENJINGJIAN" name="com.testng.TestMultipleThreads2" tests="5" failures="0" timestamp="02 二月 2018 07:09:27 GMT" time="0.037" errors="0">
  <testcase name="testThreadPools" time="0.007" classname="com.testng.TestMultipleThreads2"/>
  <testcase name="testThreadPools" time="0.008" classname="com.testng.TestMultipleThreads2"/>
  <testcase name="testThreadPools" time="0.007" classname="com.testng.TestMultipleThreads2"/>
  <testcase name="testThreadPools" time="0.007" classname="com.testng.TestMultipleThreads2"/>
  <testcase name="testThreadPools" time="0.008" classname="com.testng.TestMultipleThreads2"/>
</testsuite> <!-- com.testng.TestMultipleThreads2 -->
