<?xml version="1.0" encoding="UTF-8"?>
<!-- Generated by org.testng.reporters.JUnitReportReporter -->
<testsuite skipped="0" hostname="7F-CHENJINGJIAN" name="com.com.demo.TestNGLearn1" tests="1" failures="0" timestamp="29 一月 2018 03:29:30 GMT" time="0.003" errors="0">
  <testcase name="TestNgLearn" time="0.003" classname="com.com.demo.TestNGLearn1"/>
</testsuite> <!-- com.com.demo.TestNGLearn1 -->
