<?xml version="1.0" encoding="UTF-8"?>
<!-- Generated by org.testng.reporters.JUnitReportReporter -->
<testsuite skipped="0" hostname="7F-CHENJINGJIAN" name="com.testng.TestParameterXML" tests="1" failures="0" timestamp="05 二月 2018 15:11:24 GMT" time="0.007" errors="0">
  <testcase name="createConnection" time="0.007" classname="com.testng.TestParameterXML"/>
</testsuite> <!-- com.testng.TestParameterXML -->
