<?xml version="1.0" encoding="UTF-8"?>
<!-- Generated by org.testng.reporters.JUnitReportReporter -->
<testsuite skipped="0" hostname="7F-CHENJINGJIAN" name="com.testng.TestGroup" tests="5" failures="0" timestamp="02 二月 2018 02:11:49 GMT" time="0.002" errors="0">
  <testcase name="testConnectMsSQL" time="0.000" classname="com.testng.TestGroup"/>
  <testcase name="runSelenium1" time="0.001" classname="com.testng.TestGroup"/>
  <testcase name="runFinal" time="0.001" classname="com.testng.TestGroup"/>
  <testcase name="testConnectOracle" time="0.000" classname="com.testng.TestGroup"/>
  <testcase name="runSelenium" time="0.000" classname="com.testng.TestGroup"/>
</testsuite> <!-- com.testng.TestGroup -->
