<?xml version="1.0" encoding="UTF-8"?>
<!-- Generated by org.testng.reporters.JUnitReportReporter -->
<testsuite skipped="0" hostname="7F-CHENJINGJIAN" name="com.Blog.GetNum" tests="2" failures="0" timestamp="07 二月 2018 06:12:21 GMT" time="12.967" errors="0">
  <testcase name="Login" time="8.243" classname="com.Blog.GetNum"/>
  <testcase name="get_num" time="4.724" classname="com.Blog.GetNum"/>
</testsuite> <!-- com.Blog.GetNum -->
