<?xml version="1.0" encoding="UTF-8"?>
<!-- Generated by org.testng.reporters.JUnitReportReporter -->
<testsuite skipped="0" hostname="7F-CHENJINGJIAN" name="com.Blog.Testpageobject" tests="6" failures="0" timestamp="01 三月 2018 03:40:07 GMT" time="37.797" errors="0">
  <testcase name="Login" time="6.187" classname="com.Blog.Testpageobject"/>
  <testcase name="Messeage" time="11.006" classname="com.Blog.Testpageobject"/>
  <testcase name="logout" time="3.093" classname="com.Blog.Testpageobject"/>
  <testcase name="Login2" time="4.555" classname="com.Blog.Testpageobject"/>
  <testcase name="Messeage2" time="6.493" classname="com.Blog.Testpageobject"/>
  <testcase name="seall" time="6.463" classname="com.Blog.Testpageobject"/>
</testsuite> <!-- com.Blog.Testpageobject -->
