<?xml version="1.0" encoding="UTF-8"?>
<!-- Generated by org.testng.reporters.JUnitReportReporter -->
<testsuite skipped="0" hostname="7F-CHENJINGJIAN" name="com.Blog.contians" tests="1" failures="0" timestamp="27 二月 2018 08:47:15 GMT" time="1.398" errors="0">
  <testcase name="testwindow" time="1.398" classname="com.Blog.contians"/>
</testsuite> <!-- com.Blog.contians -->
