<?xml version="1.0" encoding="UTF-8"?>
<!-- Generated by org.testng.reporters.JUnitReportReporter -->
<testsuite skipped="2" hostname="7F-CHENJINGJIAN" name="com.testng.TestApp" tests="2" failures="0" timestamp="02 二月 2018 02:46:04 GMT" time="0.000" errors="0">
  <testcase name="method1" time="0.000" classname="com.testng.TestApp">
    <skipped/>
  </testcase> <!-- method1 -->
  <testcase name="method2" time="0.000" classname="com.testng.TestApp">
    <skipped/>
  </testcase> <!-- method2 -->
</testsuite> <!-- com.testng.TestApp -->
