<?xml version="1.0" encoding="UTF-8"?>
<!-- Generated by org.testng.reporters.JUnitReportReporter -->
<testsuite skipped="0" hostname="7F-CHENJINGJIAN" name="com.com.demo.TestRW" tests="4" failures="0" timestamp="03 二月 2018 09:20:08 GMT" time="72.289" errors="0">
  <testcase name="testcase" time="9.267" classname="com.com.demo.TestRW"/>
  <testcase name="addProduct" time="23.050" classname="com.com.demo.TestRW"/>
  <testcase name="checkout" time="14.190" classname="com.com.demo.TestRW"/>
  <testcase name="pricecomparison" time="25.782" classname="com.com.demo.TestRW"/>
</testsuite> <!-- com.com.demo.TestRW -->
