<?xml version="1.0" encoding="UTF-8"?>
<!-- Generated by org.testng.reporters.JUnitReportReporter -->
<testsuite skipped="0" hostname="7F-CHENJINGJIAN" name="com.testng.TestRepeatThis" tests="5" failures="0" timestamp="02 二月 2018 03:39:09 GMT" time="0.011" errors="0">
  <testcase name="repeatThis" time="0.001" classname="com.testng.TestRepeatThis"/>
  <testcase name="repeatThis" time="0.008" classname="com.testng.TestRepeatThis"/>
  <testcase name="repeatThis" time="0.001" classname="com.testng.TestRepeatThis"/>
  <testcase name="repeatThis" time="0.001" classname="com.testng.TestRepeatThis"/>
  <testcase name="repeatThis" time="0.000" classname="com.testng.TestRepeatThis"/>
</testsuite> <!-- com.testng.TestRepeatThis -->
