<?xml version="1.0" encoding="UTF-8"?>
<!-- Generated by org.testng.reporters.JUnitReportReporter -->
<testsuite skipped="0" hostname="7F-CHENJINGJIAN" name="com.testng.App" tests="2" failures="0" timestamp="02 二月 2018 02:24:24 GMT" time="0.008" errors="0">
  <testcase name="method2" time="0.001" classname="com.testng.App"/>
  <testcase name="method1" time="0.007" classname="com.testng.App"/>
</testsuite> <!-- com.testng.App -->
