<?xml version="1.0" encoding="UTF-8"?>
<!-- Generated by org.testng.reporters.JUnitReportReporter -->
<testsuite skipped="0" hostname="7F-CHENJINGJIAN" name="com.Blog.Testhandle" tests="1" failures="0" timestamp="09 二月 2018 06:14:27 GMT" time="9.475" errors="0">
  <testcase name="testIframe" time="9.475" classname="com.Blog.Testhandle"/>
</testsuite> <!-- com.Blog.Testhandle -->
