<?xml version="1.0" encoding="UTF-8"?>
<!-- Generated by org.testng.reporters.JUnitReportReporter -->
<testsuite skipped="0" hostname="7F-CHENJINGJIAN" name="com.testng.TestNGSimpleTest" tests="1" failures="0" timestamp="31 一月 2018 02:29:52 GMT" time="0.006" errors="0">
  <testcase name="addtestng" time="0.006" classname="com.testng.TestNGSimpleTest"/>
</testsuite> <!-- com.testng.TestNGSimpleTest -->
