<?xml version="1.0" encoding="UTF-8"?>
<!-- Generated by org.testng.reporters.JUnitReportReporter -->
<testsuite skipped="1" hostname="7F-CHENJINGJIAN" name="com.Blog.day4" tests="7" failures="0" timestamp="09 二月 2018 01:24:42 GMT" time="14.416" errors="0">
  <testcase name="goTo" time="1.028" classname="com.Blog.day4"/>
  <testcase name="testInput" time="3.763" classname="com.Blog.day4"/>
  <testcase name="testOption" time="3.323" classname="com.Blog.day4"/>
  <testcase name="testRadio" time="3.055" classname="com.Blog.day4"/>
  <testcase name="testCheckBox" time="3.178" classname="com.Blog.day4"/>
  <testcase name="testButton" time="0.069" classname="com.Blog.day4"/>
  <testcase name="testLink" classname="com.Blog.day4">
    <skipped/>
  </testcase> <!-- testLink -->
</testsuite> <!-- com.Blog.day4 -->
