<?xml version="1.0" encoding="UTF-8"?>
<!-- Generated by org.testng.reporters.JUnitReportReporter -->
<testsuite skipped="0" hostname="7F-CHENJINGJIAN" name="com.Blog.Testhandle1" tests="1" failures="0" timestamp="09 二月 2018 06:05:34 GMT" time="14.208" errors="0">
  <testcase name="testhands" time="14.208" classname="com.Blog.Testhandle1"/>
</testsuite> <!-- com.Blog.Testhandle1 -->
