<?xml version="1.0" encoding="UTF-8"?>
<!-- Generated by org.testng.reporters.JUnitReportReporter -->
<testsuite skipped="0" hostname="2F-ZHANGJUN1" name="com.postioning.postioningDemo" tests="1" failures="0" timestamp="29 Sep 2017 10:08:20 GMT" time="3.294" errors="0">
  <testcase name="baidu" time="3.294" classname="com.postioning.postioningDemo"/>
</testsuite> <!-- com.postioning.postioningDemo -->
