<?xml version="1.0" encoding="UTF-8"?>
<!-- Generated by org.testng.reporters.JUnitReportReporter -->
<testsuite skipped="0" hostname="7F-CHENJINGJIAN" name="com.Blog.testmultiplewindowtitle" tests="1" failures="0" timestamp="27 二月 2018 08:31:06 GMT" time="1.217" errors="0">
  <testcase name="testwindow" time="1.217" classname="com.Blog.testmultiplewindowtitle"/>
</testsuite> <!-- com.Blog.testmultiplewindowtitle -->
