<?xml version="1.0" encoding="UTF-8"?>
<!-- Generated by org.testng.reporters.JUnitReportReporter -->
<testsuite skipped="0" hostname="7F-CHENJINGJIAN" name="com.Blog.day5" tests="6" failures="0" timestamp="08 二月 2018 09:17:44 GMT" time="24.762" errors="0">
  <testcase name="goTo" time="0.366" classname="com.Blog.day5"/>
  <testcase name="testAlert" time="3.087" classname="com.Blog.day5"/>
  <testcase name="testAction" time="3.192" classname="com.Blog.day5"/>
  <testcase name="testUpload" time="3.087" classname="com.Blog.day5"/>
  <testcase name="testIframe" time="11.582" classname="com.Blog.day5"/>
  <testcase name="testWait" time="3.448" classname="com.Blog.day5"/>
</testsuite> <!-- com.Blog.day5 -->
