<?xml version="1.0" encoding="UTF-8"?>
<!-- Generated by org.testng.reporters.JUnitReportReporter -->
<testsuite skipped="0" hostname="7F-CHENJINGJIAN" name="com.com.demo.testBaidu" tests="1" failures="0" timestamp="29 一月 2018 03:14:04 GMT" time="6.267" errors="0">
  <testcase name="testCase" time="6.267" classname="com.com.demo.testBaidu"/>
</testsuite> <!-- com.com.demo.testBaidu -->
