<?xml version="1.0" encoding="UTF-8"?>
<!-- Generated by org.testng.reporters.JUnitReportReporter -->
<testsuite skipped="0" hostname="7F-CHENJINGJIAN" name="com.testng.TestParameterDataProvider" tests="3" failures="0" timestamp="02 二月 2018 03:14:18 GMT" time="0.007" errors="0">
  <testcase name="test" time="0.006" classname="com.testng.TestParameterDataProvider"/>
  <testcase name="test" time="0.001" classname="com.testng.TestParameterDataProvider"/>
  <testcase name="test" time="0.000" classname="com.testng.TestParameterDataProvider"/>
</testsuite> <!-- com.testng.TestParameterDataProvider -->
