<?xml version="1.0" encoding="UTF-8"?>
<!-- Generated by org.testng.reporters.JUnitReportReporter -->
<testsuite skipped="1" hostname="7F-CHENJINGJIAN" name="com.testng.TestIgnore" tests="3" failures="0" timestamp="02 二月 2018 02:11:49 GMT" time="0.003" errors="0">
  <testcase name="test2" time="0.001" classname="com.testng.TestIgnore"/>
  <testcase name="test1" time="0.002" classname="com.testng.TestIgnore"/>
  <testcase name="test3" classname="com.testng.TestIgnore">
    <skipped/>
  </testcase> <!-- test3 -->
</testsuite> <!-- com.testng.TestIgnore -->
