<?xml version="1.0" encoding="UTF-8"?>
<!-- Generated by org.testng.reporters.JUnitReportReporter -->
<testsuite skipped="0" hostname="7F-CHENJINGJIAN" name="com.testng.TestDBConnection" tests="2" failures="0" timestamp="02 二月 2018 02:11:49 GMT" time="0.001" errors="0">
  <testcase name="runOtherTest2" time="0.000" classname="com.testng.TestDBConnection"/>
  <testcase name="runOtherTest1" time="0.001" classname="com.testng.TestDBConnection"/>
</testsuite> <!-- com.testng.TestDBConnection -->
