<?xml version="1.0" encoding="UTF-8"?>
<!-- Generated by org.testng.reporters.JUnitReportReporter -->
<testsuite skipped="0" hostname="7F-CHENJINGJIAN" name="com.Blog.Getcookies" tests="1" failures="0" timestamp="27 二月 2018 09:44:06 GMT" time="5.477" errors="0">
  <testcase name="getcookies" time="5.477" classname="com.Blog.Getcookies"/>
</testsuite> <!-- com.Blog.Getcookies -->
