<?xml version="1.0" encoding="UTF-8"?>
<!-- Generated by org.testng.reporters.JUnitReportReporter -->
<testsuite skipped="2" hostname="7F-CHENJINGJIAN" name="com.testng.TestDatabase1" tests="2" failures="0" timestamp="02 二月 2018 02:46:04 GMT" time="0.000" errors="0">
  <testcase name="initDB" time="0.000" classname="com.testng.TestDatabase1">
    <skipped/>
  </testcase> <!-- initDB -->
  <testcase name="testConnection" time="0.000" classname="com.testng.TestDatabase1">
    <skipped/>
  </testcase> <!-- testConnection -->
</testsuite> <!-- com.testng.TestDatabase1 -->
