<?xml version="1.0" encoding="UTF-8"?>
<!-- Generated by org.testng.reporters.JUnitReportReporter -->
<testsuite skipped="0" hostname="7F-CHENJINGJIAN" name="com.testng.TestDatabase" tests="2" failures="0" timestamp="02 二月 2018 02:20:07 GMT" time="0.007" errors="0">
  <testcase name="testConnectOracle" time="0.006" classname="com.testng.TestDatabase"/>
  <testcase name="testConnectMsSQL" time="0.001" classname="com.testng.TestDatabase"/>
</testsuite> <!-- com.testng.TestDatabase -->
