<?xml version="1.0" encoding="UTF-8"?>
<!-- Generated by org.testng.reporters.JUnitReportReporter -->
<testsuite skipped="0" hostname="7F-CHENJINGJIAN" name="com.Blog.Testcanvas" tests="1" failures="0" timestamp="28 二月 2018 09:48:16 GMT" time="8.267" errors="0">
  <testcase name="testhtml5canvas" time="8.267" classname="com.Blog.Testcanvas"/>
</testsuite> <!-- com.Blog.Testcanvas -->
