<?xml version="1.0" encoding="UTF-8"?>
<!-- Generated by org.testng.reporters.JUnitReportReporter -->
<testsuite skipped="0" hostname="7F-CHENJINGJIAN" name="com.testng.TestMultipleThreads" tests="3" failures="0" timestamp="02 二月 2018 03:45:21 GMT" time="36.706" errors="0">
  <testcase name="loadTestThisWebsite" time="11.798" classname="com.testng.TestMultipleThreads"/>
  <testcase name="loadTestThisWebsite" time="12.510" classname="com.testng.TestMultipleThreads"/>
  <testcase name="loadTestThisWebsite" time="12.398" classname="com.testng.TestMultipleThreads"/>
</testsuite> <!-- com.testng.TestMultipleThreads -->
